[11:25:48] [Server thread/INFO]: Starting minecraft server version 1.9.2
[11:25:48] [Server thread/INFO]: Loading properties
[11:25:48] [Server thread/INFO]: Default game type: SURVIVAL
[11:25:48] [Server thread/INFO]: This server is running CraftBukkit version git-Spigot-e6f93f4-ed60c01 (MC: 1.9.2) (Implementing API version 1.9.2-R0.1-SNAPSHOT)
[11:25:48] [Server thread/INFO]: Server Ping Player Sample Count: 12
[11:25:48] [Server thread/INFO]: Using 4 threads for Netty based IO
[11:25:48] [Server thread/INFO]: Debug logging is disabled
[11:25:48] [Server thread/INFO]: Generating keypair
[11:25:48] [Server thread/INFO]: Starting Minecraft server on *:25565
[11:25:48] [Server thread/INFO]: Using epoll channel type
[11:25:48] [Server thread/INFO]: Set PluginClassLoader as parallel capable
[11:25:48] [Server thread/INFO]: [Stats] Loading Stats v0.0.1
[11:25:48] [Server thread/INFO]: **** Beginning UUID conversion, this may take A LONG time ****
[11:25:48] [Server thread/INFO]: Preparing level "world"
[11:25:48] [Server thread/INFO]: -------- World Settings For [world] --------
[11:25:48] [Server thread/INFO]: Nerfing mobs spawned from spawners: false
[11:25:48] [Server thread/INFO]: Cactus Growth Modifier: 100%
[11:25:48] [Server thread/INFO]: Cane Growth Modifier: 100%
[11:25:48] [Server thread/INFO]: Melon Growth Modifier: 100%
[11:25:48] [Server thread/INFO]: Mushroom Growth Modifier: 100%
[11:25:48] [Server thread/INFO]: Pumpkin Growth Modifier: 100%
[11:25:48] [Server thread/INFO]: Sapling Growth Modifier: 100%
[11:25:48] [Server thread/INFO]: Wheat Growth Modifier: 100%
[11:25:48] [Server thread/INFO]: NetherWart Growth Modifier: 100%
[11:25:48] [Server thread/INFO]: Entity Activation Range: An 32 / Mo 32 / Mi 16
[11:25:48] [Server thread/INFO]: Mob Spawn Range: 4
[11:25:48] [Server thread/INFO]: Entity Tracking Range: Pl 48 / An 48 / Mo 48 / Mi 32 / Other 64
[11:25:48] [Server thread/INFO]: Hopper Transfer: 8 Hopper Check: 8 Hopper Amount: 1
[11:25:48] [Server thread/INFO]: Random Lighting Updates: false
[11:25:48] [Server thread/INFO]: Structure Info Saving: true
[11:25:48] [Server thread/INFO]: Max Entity Collisions: 8
[11:25:48] [Server thread/INFO]: Custom Map Seeds:  Village: 10387312 Feature: 14357617
[11:25:48] [Server thread/INFO]: Max TNT Explosions: 100
[11:25:48] [Server thread/INFO]: Tile Max Tick Time: 50ms Entity max Tick Time: 50ms
[11:25:48] [Server thread/INFO]: Item Despawn Rate: 6000
[11:25:48] [Server thread/INFO]: Item Merge Radius: 2.5
[11:25:48] [Server thread/INFO]: Arrow Despawn Rate: 1200
[11:25:48] [Server thread/INFO]: Allow Zombie Pigmen to spawn from portal blocks: true
[11:25:48] [Server thread/INFO]: View Distance: 10
[11:25:48] [Server thread/INFO]: Zombie Aggressive Towards Villager: true
[11:25:48] [Server thread/INFO]: Experience Merge Radius: 3.0
[11:25:48] [Server thread/INFO]: -------- World Settings For [world_nether] --------
[11:25:48] [Server thread/INFO]: Nerfing mobs spawned from spawners: false
[11:25:48] [Server thread/INFO]: Cactus Growth Modifier: 100%
[11:25:48] [Server thread/INFO]: Cane Growth Modifier: 100%
[11:25:48] [Server thread/INFO]: Melon Growth Modifier: 100%
[11:25:48] [Server thread/INFO]: Mushroom Growth Modifier: 100%
[11:25:48] [Server thread/INFO]: Pumpkin Growth Modifier: 100%
[11:25:48] [Server thread/INFO]: Sapling Growth Modifier: 100%
[11:25:48] [Server thread/INFO]: Wheat Growth Modifier: 100%
[11:25:48] [Server thread/INFO]: NetherWart Growth Modifier: 100%
[11:25:48] [Server thread/INFO]: Entity Activation Range: An 32 / Mo 32 / Mi 16
[11:25:48] [Server thread/INFO]: Mob Spawn Range: 4
[11:25:48] [Server thread/INFO]: Entity Tracking Range: Pl 48 / An 48 / Mo 48 / Mi 32 / Other 64
[11:25:48] [Server thread/INFO]: Hopper Transfer: 8 Hopper Check: 8 Hopper Amount: 1
[11:25:48] [Server thread/INFO]: Random Lighting Updates: false
[11:25:48] [Server thread/INFO]: Structure Info Saving: true
[11:25:48] [Server thread/INFO]: Max Entity Collisions: 8
[11:25:48] [Server thread/INFO]: Custom Map Seeds:  Village: 10387312 Feature: 14357617
[11:25:48] [Server thread/INFO]: Max TNT Explosions: 100
[11:25:48] [Server thread/INFO]: Tile Max Tick Time: 50ms Entity max Tick Time: 50ms
[11:25:48] [Server thread/INFO]: Item Despawn Rate: 6000
[11:25:48] [Server thread/INFO]: Item Merge Radius: 2.5
[11:25:48] [Server thread/INFO]: Arrow Despawn Rate: 1200
[11:25:48] [Server thread/INFO]: Allow Zombie Pigmen to spawn from portal blocks: true
[11:25:48] [Server thread/INFO]: View Distance: 10
[11:25:48] [Server thread/INFO]: Zombie Aggressive Towards Villager: true
[11:25:48] [Server thread/INFO]: Experience Merge Radius: 3.0
[11:25:49] [Server thread/INFO]: -------- World Settings For [world_the_end] --------
[11:25:49] [Server thread/INFO]: Nerfing mobs spawned from spawners: false
[11:25:49] [Server thread/INFO]: Cactus Growth Modifier: 100%
[11:25:49] [Server thread/INFO]: Cane Growth Modifier: 100%
[11:25:49] [Server thread/INFO]: Melon Growth Modifier: 100%
[11:25:49] [Server thread/INFO]: Mushroom Growth Modifier: 100%
[11:25:49] [Server thread/INFO]: Pumpkin Growth Modifier: 100%
[11:25:49] [Server thread/INFO]: Sapling Growth Modifier: 100%
[11:25:49] [Server thread/INFO]: Wheat Growth Modifier: 100%
[11:25:49] [Server thread/INFO]: NetherWart Growth Modifier: 100%
[11:25:49] [Server thread/INFO]: Entity Activation Range: An 32 / Mo 32 / Mi 16
[11:25:49] [Server thread/INFO]: Mob Spawn Range: 4
[11:25:49] [Server thread/INFO]: Entity Tracking Range: Pl 48 / An 48 / Mo 48 / Mi 32 / Other 64
[11:25:49] [Server thread/INFO]: Hopper Transfer: 8 Hopper Check: 8 Hopper Amount: 1
[11:25:49] [Server thread/INFO]: Random Lighting Updates: false
[11:25:49] [Server thread/INFO]: Structure Info Saving: true
[11:25:49] [Server thread/INFO]: Max Entity Collisions: 8
[11:25:49] [Server thread/INFO]: Custom Map Seeds:  Village: 10387312 Feature: 14357617
[11:25:49] [Server thread/INFO]: Max TNT Explosions: 100
[11:25:49] [Server thread/INFO]: Tile Max Tick Time: 50ms Entity max Tick Time: 50ms
[11:25:49] [Server thread/INFO]: Item Despawn Rate: 6000
[11:25:49] [Server thread/INFO]: Item Merge Radius: 2.5
[11:25:49] [Server thread/INFO]: Arrow Despawn Rate: 1200
[11:25:49] [Server thread/INFO]: Allow Zombie Pigmen to spawn from portal blocks: true
[11:25:49] [Server thread/INFO]: View Distance: 10
[11:25:49] [Server thread/INFO]: Zombie Aggressive Towards Villager: true
[11:25:49] [Server thread/INFO]: Experience Merge Radius: 3.0
[11:25:49] [Server thread/INFO]: Preparing start region for level 0 (Seed: 7699274961273484506)
[11:25:50] [Server thread/INFO]: Preparing spawn area: 29%
[11:25:50] [Server thread/INFO]: Preparing start region for level 1 (Seed: 7699274961273484506)
[11:25:51] [Server thread/INFO]: Preparing start region for level 2 (Seed: 7699274961273484506)
[11:25:51] [Server thread/INFO]: [Stats] Enabling Stats v0.0.1
[11:25:51] [Server thread/INFO]: [0;35;22mStats[0;33;22mcould not connect to MySQL Server[m
[11:25:51] [Server thread/INFO]: [0;35;22mStats[0;31;1mPlugin enabled[m
[11:25:51] [Server thread/INFO]: Server permissions file permissions.yml is empty, ignoring it
[11:25:51] [Server thread/INFO]: Done (2,676s)! For help, type "help" or "?"
[11:26:19] [Server thread/INFO]: CONSOLE: [0;31;1mPlease note that this command is not supported and may cause issues when using some plugins.[m
[11:26:19] [Server thread/INFO]: CONSOLE: [0;31;1mIf you encounter any issues please use the /stop command to restart your server.[m
[11:26:19] [Server thread/INFO]: Server Ping Player Sample Count: 12
[11:26:19] [Server thread/INFO]: Using 4 threads for Netty based IO
[11:26:19] [Server thread/INFO]: Debug logging is disabled
[11:26:19] [Server thread/INFO]: -------- World Settings For [world] --------
[11:26:19] [Server thread/INFO]: Nerfing mobs spawned from spawners: false
[11:26:19] [Server thread/INFO]: Cactus Growth Modifier: 100%
[11:26:19] [Server thread/INFO]: Cane Growth Modifier: 100%
[11:26:19] [Server thread/INFO]: Melon Growth Modifier: 100%
[11:26:19] [Server thread/INFO]: Mushroom Growth Modifier: 100%
[11:26:19] [Server thread/INFO]: Pumpkin Growth Modifier: 100%
[11:26:19] [Server thread/INFO]: Sapling Growth Modifier: 100%
[11:26:19] [Server thread/INFO]: Wheat Growth Modifier: 100%
[11:26:19] [Server thread/INFO]: NetherWart Growth Modifier: 100%
[11:26:19] [Server thread/INFO]: Entity Activation Range: An 32 / Mo 32 / Mi 16
[11:26:19] [Server thread/INFO]: Mob Spawn Range: 4
[11:26:19] [Server thread/INFO]: Entity Tracking Range: Pl 48 / An 48 / Mo 48 / Mi 32 / Other 64
[11:26:19] [Server thread/INFO]: Hopper Transfer: 8 Hopper Check: 8 Hopper Amount: 1
[11:26:19] [Server thread/INFO]: Random Lighting Updates: false
[11:26:19] [Server thread/INFO]: Structure Info Saving: true
[11:26:19] [Server thread/INFO]: Max Entity Collisions: 8
[11:26:19] [Server thread/INFO]: Custom Map Seeds:  Village: 10387312 Feature: 14357617
[11:26:19] [Server thread/INFO]: Max TNT Explosions: 100
[11:26:19] [Server thread/INFO]: Tile Max Tick Time: 50ms Entity max Tick Time: 50ms
[11:26:19] [Server thread/INFO]: Item Despawn Rate: 6000
[11:26:19] [Server thread/INFO]: Item Merge Radius: 2.5
[11:26:19] [Server thread/INFO]: Arrow Despawn Rate: 1200
[11:26:19] [Server thread/INFO]: Allow Zombie Pigmen to spawn from portal blocks: true
[11:26:19] [Server thread/INFO]: View Distance: 10
[11:26:19] [Server thread/INFO]: Zombie Aggressive Towards Villager: true
[11:26:19] [Server thread/INFO]: Experience Merge Radius: 3.0
[11:26:19] [Server thread/INFO]: -------- World Settings For [world_nether] --------
[11:26:19] [Server thread/INFO]: Nerfing mobs spawned from spawners: false
[11:26:19] [Server thread/INFO]: Cactus Growth Modifier: 100%
[11:26:19] [Server thread/INFO]: Cane Growth Modifier: 100%
[11:26:19] [Server thread/INFO]: Melon Growth Modifier: 100%
[11:26:19] [Server thread/INFO]: Mushroom Growth Modifier: 100%
[11:26:19] [Server thread/INFO]: Pumpkin Growth Modifier: 100%
[11:26:19] [Server thread/INFO]: Sapling Growth Modifier: 100%
[11:26:19] [Server thread/INFO]: Wheat Growth Modifier: 100%
[11:26:19] [Server thread/INFO]: NetherWart Growth Modifier: 100%
[11:26:19] [Server thread/INFO]: Entity Activation Range: An 32 / Mo 32 / Mi 16
[11:26:19] [Server thread/INFO]: Mob Spawn Range: 4
[11:26:19] [Server thread/INFO]: Entity Tracking Range: Pl 48 / An 48 / Mo 48 / Mi 32 / Other 64
[11:26:19] [Server thread/INFO]: Hopper Transfer: 8 Hopper Check: 8 Hopper Amount: 1
[11:26:19] [Server thread/INFO]: Random Lighting Updates: false
[11:26:19] [Server thread/INFO]: Structure Info Saving: true
[11:26:19] [Server thread/INFO]: Max Entity Collisions: 8
[11:26:19] [Server thread/INFO]: Custom Map Seeds:  Village: 10387312 Feature: 14357617
[11:26:19] [Server thread/INFO]: Max TNT Explosions: 100
[11:26:19] [Server thread/INFO]: Tile Max Tick Time: 50ms Entity max Tick Time: 50ms
[11:26:19] [Server thread/INFO]: Item Despawn Rate: 6000
[11:26:19] [Server thread/INFO]: Item Merge Radius: 2.5
[11:26:19] [Server thread/INFO]: Arrow Despawn Rate: 1200
[11:26:19] [Server thread/INFO]: Allow Zombie Pigmen to spawn from portal blocks: true
[11:26:19] [Server thread/INFO]: View Distance: 10
[11:26:19] [Server thread/INFO]: Zombie Aggressive Towards Villager: true
[11:26:19] [Server thread/INFO]: Experience Merge Radius: 3.0
[11:26:19] [Server thread/INFO]: -------- World Settings For [world_the_end] --------
[11:26:19] [Server thread/INFO]: Nerfing mobs spawned from spawners: false
[11:26:19] [Server thread/INFO]: Cactus Growth Modifier: 100%
[11:26:19] [Server thread/INFO]: Cane Growth Modifier: 100%
[11:26:19] [Server thread/INFO]: Melon Growth Modifier: 100%
[11:26:19] [Server thread/INFO]: Mushroom Growth Modifier: 100%
[11:26:19] [Server thread/INFO]: Pumpkin Growth Modifier: 100%
[11:26:19] [Server thread/INFO]: Sapling Growth Modifier: 100%
[11:26:19] [Server thread/INFO]: Wheat Growth Modifier: 100%
[11:26:19] [Server thread/INFO]: NetherWart Growth Modifier: 100%
[11:26:19] [Server thread/INFO]: Entity Activation Range: An 32 / Mo 32 / Mi 16
[11:26:19] [Server thread/INFO]: Mob Spawn Range: 4
[11:26:19] [Server thread/INFO]: Entity Tracking Range: Pl 48 / An 48 / Mo 48 / Mi 32 / Other 64
[11:26:19] [Server thread/INFO]: Hopper Transfer: 8 Hopper Check: 8 Hopper Amount: 1
[11:26:19] [Server thread/INFO]: Random Lighting Updates: false
[11:26:19] [Server thread/INFO]: Structure Info Saving: true
[11:26:19] [Server thread/INFO]: Max Entity Collisions: 8
[11:26:19] [Server thread/INFO]: Custom Map Seeds:  Village: 10387312 Feature: 14357617
[11:26:19] [Server thread/INFO]: Max TNT Explosions: 100
[11:26:19] [Server thread/INFO]: Tile Max Tick Time: 50ms Entity max Tick Time: 50ms
[11:26:19] [Server thread/INFO]: Item Despawn Rate: 6000
[11:26:19] [Server thread/INFO]: Item Merge Radius: 2.5
[11:26:19] [Server thread/INFO]: Arrow Despawn Rate: 1200
[11:26:19] [Server thread/INFO]: Allow Zombie Pigmen to spawn from portal blocks: true
[11:26:19] [Server thread/INFO]: View Distance: 10
[11:26:19] [Server thread/INFO]: Zombie Aggressive Towards Villager: true
[11:26:19] [Server thread/INFO]: Experience Merge Radius: 3.0
[11:26:19] [Server thread/INFO]: [Stats] Disabling Stats v0.0.1
[11:26:19] [Server thread/INFO]: [0;35;22mStats[0;31;1mPlugin disabled[m
[11:26:19] [Server thread/INFO]: [Stats] Loading Stats v0.0.1
[11:26:19] [Server thread/INFO]: [Stats] Enabling Stats v0.0.1
[11:26:19] [Server thread/INFO]: [0;35;22mStats: [0;33;22mcould not connect to MySQL Server[m
[11:26:19] [Server thread/INFO]: [0;35;22mStats: [0;31;1mPlugin enabled[m
[11:26:19] [Server thread/INFO]: Server permissions file permissions.yml is empty, ignoring it
[11:26:19] [Server thread/INFO]: CONSOLE: [0;32;1mReload complete.[m
[11:26:25] [Server thread/INFO]: Plugins (1): [0;32;1mStats[m
[11:26:28] [Thread-4/INFO]: Stopping server
